============================= test session starts =============================
platform win32 -- Python 3.7.2, pytest-4.1.1, py-1.7.0, pluggy-0.8.1 -- c:\python37\python.exe
cachedir: .pytest_cache
rootdir: C:\Users\xrain\AOC\advent-of-code-2016\1, inifile:
collecting ... collected 5 items

test_day1.py::test_travel PASSED                                         [ 20%]
test_day1.py::test_visited_blocks PASSED                                 [ 40%]
test_day1.py::test_get_all_visited_blocks PASSED                         [ 60%]
test_day1.py::test_final_position PASSED                                 [ 80%]
test_day1.py::test_part_two PASSED                                       [100%]

========================== 5 passed in 0.04 seconds ===========================
